0 info it worked if it ends with ok
1 verbose cli [ '/usr/bin/node', '/usr/bin/npm', 'install', 'http-server', '-g' ]
2 info using npm@2.10.1
3 info using node@v0.12.4
4 verbose node symlink /usr/bin/node
5 verbose install initial load of /usr/lib/package.json
6 verbose readDependencies loading dependencies from /usr/lib/package.json
7 silly cache add args [ 'http-server', null ]
8 verbose cache add spec http-server
9 silly cache add parsed spec { raw: 'http-server',
9 silly cache add   scope: null,
9 silly cache add   name: 'http-server',
9 silly cache add   rawSpec: '',
9 silly cache add   spec: '*',
9 silly cache add   type: 'range' }
10 silly addNamed http-server@*
11 verbose addNamed "*" is a valid semver range for http-server
12 silly addNameRange { name: 'http-server', range: '*', hasData: false }
13 silly mapToRegistry name http-server
14 silly mapToRegistry using default registry
15 silly mapToRegistry registry https://registry.npmjs.org/
16 silly mapToRegistry uri https://registry.npmjs.org/http-server
17 verbose addNameRange registry:https://registry.npmjs.org/http-server not in flight; fetching
18 verbose request uri https://registry.npmjs.org/http-server
19 verbose request no auth needed
20 info attempt registry request try #1 at 13:16:45
21 verbose request id 4b5ece7dacac71c9
22 http request GET https://registry.npmjs.org/http-server
23 http 200 https://registry.npmjs.org/http-server
24 silly get cb [ 200,
24 silly get   { server: 'CouchDB/1.5.0 (Erlang OTP/R16B03)',
24 silly get     etag: '"685N1GQT9TIJ2EF443SGDL02Z"',
24 silly get     'content-type': 'application/json',
24 silly get     'cache-control': 'max-age=60',
24 silly get     'content-length': '44898',
24 silly get     'accept-ranges': 'bytes',
24 silly get     date: 'Wed, 17 Jun 2015 08:16:49 GMT',
24 silly get     via: '1.1 varnish',
24 silly get     age: '19',
24 silly get     connection: 'keep-alive',
24 silly get     'x-served-by': 'cache-fra1235-FRA',
24 silly get     'x-cache': 'HIT',
24 silly get     'x-cache-hits': '1',
24 silly get     'x-timer': 'S1434529009.090475,VS0,VE0',
24 silly get     vary: 'Accept' } ]
25 verbose get saving http-server to /home/mareebsiddiqui/.npm/registry.npmjs.org/http-server/.cache.json
26 silly addNameRange number 2 { name: 'http-server', range: '*', hasData: true }
27 silly addNameRange versions [ 'http-server',
27 silly addNameRange   [ '0.1.0',
27 silly addNameRange     '0.1.1',
27 silly addNameRange     '0.1.3',
27 silly addNameRange     '0.2.1',
27 silly addNameRange     '0.2.2',
27 silly addNameRange     '0.2.3',
27 silly addNameRange     '0.2.4',
27 silly addNameRange     '0.2.5',
27 silly addNameRange     '0.2.6',
27 silly addNameRange     '0.2.9',
27 silly addNameRange     '0.3.0',
27 silly addNameRange     '0.4.0',
27 silly addNameRange     '0.4.1',
27 silly addNameRange     '0.5.0',
27 silly addNameRange     '0.5.1',
27 silly addNameRange     '0.5.2',
27 silly addNameRange     '0.5.3',
27 silly addNameRange     '0.5.5',
27 silly addNameRange     '0.6.0',
27 silly addNameRange     '0.6.1',
27 silly addNameRange     '0.7.0',
27 silly addNameRange     '0.7.1',
27 silly addNameRange     '0.7.2',
27 silly addNameRange     '0.7.3',
27 silly addNameRange     '0.7.4',
27 silly addNameRange     '0.7.5',
27 silly addNameRange     '0.8.0' ] ]
28 silly addNamed http-server@0.8.0
29 verbose addNamed "0.8.0" is a plain semver version for http-server
30 silly mapToRegistry name http-server
31 silly mapToRegistry using default registry
32 silly mapToRegistry registry https://registry.npmjs.org/
33 silly mapToRegistry uri https://registry.npmjs.org/http-server
34 verbose addRemoteTarball https://registry.npmjs.org/http-server/-/http-server-0.8.0.tgz not in flight; adding
35 verbose addRemoteTarball [ 'https://registry.npmjs.org/http-server/-/http-server-0.8.0.tgz',
35 verbose addRemoteTarball   'd4b671781ec6bf9fa6a311cd1df683b0b37b1491' ]
36 info retry fetch attempt 1 at 13:16:49
37 info attempt registry request try #1 at 13:16:49
38 http fetch GET https://registry.npmjs.org/http-server/-/http-server-0.8.0.tgz
39 http fetch 200 https://registry.npmjs.org/http-server/-/http-server-0.8.0.tgz
40 silly fetchAndShaCheck shasum d4b671781ec6bf9fa6a311cd1df683b0b37b1491
41 verbose addTmpTarball /tmp/npm-15874-9d349a15/registry.npmjs.org/http-server/-/http-server-0.8.0.tgz not in flight; adding
42 verbose addTmpTarball already have metadata; skipping unpack for http-server@0.8.0
43 silly cache afterAdd http-server@0.8.0
44 verbose afterAdd /home/mareebsiddiqui/.npm/http-server/0.8.0/package/package.json not in flight; writing
45 verbose afterAdd /home/mareebsiddiqui/.npm/http-server/0.8.0/package/package.json written
46 silly install resolved [ { name: 'http-server',
46 silly install resolved     version: '0.8.0',
46 silly install resolved     description: 'A simple zero-configuration command-line http server',
46 silly install resolved     main: './lib/http-server',
46 silly install resolved     repository:
46 silly install resolved      { type: 'git',
46 silly install resolved        url: 'git://github.com/indexzero/http-server.git' },
46 silly install resolved     keywords: [ 'cli', 'command' ],
46 silly install resolved     scripts:
46 silly install resolved      { start: 'node ./bin/http-server',
46 silly install resolved        pretest: 'stylezero bin/ lib/ test',
46 silly install resolved        test: 'vows --spec --isolate' },
46 silly install resolved     contributors:
46 silly install resolved      [ [Object],
46 silly install resolved        [Object],
46 silly install resolved        [Object],
46 silly install resolved        [Object],
46 silly install resolved        [Object],
46 silly install resolved        [Object],
46 silly install resolved        [Object],
46 silly install resolved        [Object],
46 silly install resolved        [Object],
46 silly install resolved        [Object] ],
46 silly install resolved     dependencies:
46 silly install resolved      { colors: '1.0.3',
46 silly install resolved        optimist: '0.6.x',
46 silly install resolved        union: '~0.4.3',
46 silly install resolved        ecstatic: '~0.7.0',
46 silly install resolved        'http-proxy': '^1.8.1',
46 silly install resolved        portfinder: '0.4.x',
46 silly install resolved        opener: '~1.4.0',
46 silly install resolved        corser: '~2.0.0' },
46 silly install resolved     devDependencies: { vows: '0.7.x', request: '2.49.x', stylezero: '2.2.0' },
46 silly install resolved     bugs: { url: 'https://github.com/nodeapps/http-server/issues' },
46 silly install resolved     licenses: [ [Object] ],
46 silly install resolved     preferGlobal: 'true',
46 silly install resolved     bin: { 'http-server': './bin/http-server', hs: './bin/http-server' },
46 silly install resolved     gitHead: 'ac38a041c954c863fd695b0f70ba251399856812',
46 silly install resolved     homepage: 'https://github.com/indexzero/http-server',
46 silly install resolved     _id: 'http-server@0.8.0',
46 silly install resolved     _shasum: 'd4b671781ec6bf9fa6a311cd1df683b0b37b1491',
46 silly install resolved     _from: 'http-server@*',
46 silly install resolved     _npmVersion: '2.2.0',
46 silly install resolved     _nodeVersion: '0.10.33',
46 silly install resolved     _npmUser: { name: 'indexzero', email: 'charlie.robbins@gmail.com' },
46 silly install resolved     maintainers: [ [Object] ],
46 silly install resolved     dist:
46 silly install resolved      { shasum: 'd4b671781ec6bf9fa6a311cd1df683b0b37b1491',
46 silly install resolved        tarball: 'http://registry.npmjs.org/http-server/-/http-server-0.8.0.tgz' },
46 silly install resolved     directories: {},
46 silly install resolved     _resolved: 'https://registry.npmjs.org/http-server/-/http-server-0.8.0.tgz' } ]
47 info install http-server@0.8.0 into /usr/lib
48 info installOne http-server@0.8.0
49 verbose installOne of http-server to /usr/lib not in flight; installing
50 warn locking Error: EACCES, open '/home/mareebsiddiqui/.npm/_locks/http-server-92c989ce1dfca3fc.lock'
50 warn locking     at Error (native)
50 warn locking  /home/mareebsiddiqui/.npm/_locks/http-server-92c989ce1dfca3fc.lock failed { [Error: EACCES, open '/home/mareebsiddiqui/.npm/_locks/http-server-92c989ce1dfca3fc.lock']
50 warn locking   errno: -13,
50 warn locking   code: 'EACCES',
50 warn locking   path: '/home/mareebsiddiqui/.npm/_locks/http-server-92c989ce1dfca3fc.lock' }
51 verbose stack Error: Attempt to unlock /usr/lib/node_modules/http-server, which hasn't been locked
51 verbose stack     at unlock (/usr/lib/node_modules/npm/lib/utils/locker.js:66:11)
51 verbose stack     at cb (/usr/lib/node_modules/npm/lib/install.js:1017:5)
51 verbose stack     at /usr/lib/node_modules/npm/lib/install.js:1021:20
51 verbose stack     at /usr/lib/node_modules/npm/lib/utils/locker.js:40:9
51 verbose stack     at cb (/usr/lib/node_modules/npm/node_modules/lockfile/lockfile.js:149:38)
51 verbose stack     at /usr/lib/node_modules/npm/node_modules/lockfile/lockfile.js:177:38
51 verbose stack     at FSReqWrap.oncomplete (fs.js:95:15)
52 verbose cwd /home/mareebsiddiqui/SummerOfCode
53 error Linux 3.13.0-53-generic
54 error argv "/usr/bin/node" "/usr/bin/npm" "install" "http-server" "-g"
55 error node v0.12.4
56 error npm  v2.10.1
57 error Attempt to unlock /usr/lib/node_modules/http-server, which hasn't been locked
58 error If you need help, you may report this error at:
58 error     <https://github.com/npm/npm/issues>
59 verbose exit [ 1, true ]
